10
10
m 0 0
0 9 9
1 9 9
2 9 9
p 4 0
p 5 0
p 2 1
p 4 1
p 5 1
p 6 1
p 7 1
p 8 1
p 9 1
p 3 2
p 6 2
p 7 2
p 8 2
p 5 3
p 6 3
p 7 3
p 0 4
p 2 4
p 4 4
p 6 4
p 8 4
p 9 4
p 1 5
p 3 5
p 4 5
p 5 5
p 7 5
p 9 5
p 0 6
p 1 6
p 3 6
p 4 6
p 5 6
p 7 6
p 1 7
p 6 7
p 7 7
p 0 8
p 2 8
p 3 8
p 4 8
p 5 8
p 6 8
p 9 8
p 1 9
p 4 9
p 5 9
p 8 9
p 9 9
t 200 0
m 0 1
0 8 9
1 8 9
2 9 8
t 199 0
m 1 1
0 8 8
1 7 9
2 8 8
t 198 0
m 1 1
0 7 8
1 6 9
2 9 8
t 197 0
m 1 1
0 6 8
1 5 9
2 9 7
t 196 0
m 1 1
0 5 8
1 6 9
2 9 8
t 195 0
m 2 1
0 5 7
1 5 9
2 8 8
t 194 2
m 2 2
0 4 7
1 6 9
2 8 7
t 193 2
m 3 2
0 4 6
1 7 9
2 9 7
t 192 4
m 3 1
0 4 5
1 6 9
2 9 6
t 191 4
m 4 1
0 5 5
1 6 8
2 9 7
t 190 6
m 4 0
0 5 6
1 5 8
2 8 7
t 189 8
m 5 0
0 6 6
1 6 8
2 8 6
t 188 10
m 5 1
0 6 5
1 5 8
2 8 7
t 187 12
m 6 1
0 6 6
1 6 8
2 8 8
t 186 14
m 6 2
0 5 6
1 6 9
2 8 9
t 185 16
m 6 3
0 5 5
1 5 9
2 7 9
t 184 18
m 6 4
0 6 5
1 5 8
2 7 8
t 183 20
m 6 3
0 6 6
1 5 9
2 7 9
t 182 20
m 5 3
0 6 7
1 5 8
2 6 9
t 181 22
m 4 3
0 7 7
1 4 8
2 5 9
t 180 22
m 4 4
0 7 8
1 4 7
2 6 9
t 179 24
m 4 5
0 7 9
1 5 7
2 6 8
t 178 26
m 4 6
0 7 8
1 4 7
2 5 8
t 177 28
m 3 6
0 8 8
1 5 7
2 5 9
t 176 30
m 3 5
0 7 8
1 5 8
2 5 8
t 175 32
m 3 4
0 7 9
1 5 9
2 6 8
t 174 32
m 2 4
0 7 8
1 5 8
2 6 9
t 173 34
m 1 4
0 6 8
1 5 7
2 6 8
t 172 34
m 1 5
0 6 9
1 5 8
2 5 8
t 171 36
m 1 6
0 7 9
1 5 7
2 6 8
t 170 38
m 1 7
0 6 9
1 6 7
2 5 8
t 169 40
m 1 6
0 6 8
1 5 7
2 5 9
t 168 40
m 0 6
0 5 8
1 5 8
2 5 8
t 167 42
m 0 5
0 6 8
1 5 7
2 5 7
t 166 42
m 0 4
0 7 8
1 4 7
2 5 8
t 165 44
m 0 5
0 8 8
1 5 7
2 5 7
t 164 44
m 0 6
0 8 7
1 6 7
2 5 6
t 163 44
m 0 7
0 9 7
1 7 7
2 6 6
t 162 44
m 0 8
0 9 8
1 6 7
2 5 6
t 161 46
m 0 9
0 9 7
1 5 7
2 5 7
t 160 46
m 1 9
0 9 8
1 5 6
2 4 7
t 159 48
m 1 8
0 9 9
1 6 6
2 3 7
t 158 48
m 2 8
0 9 8
1 5 6
2 2 7
t 157 51
m 3 8
0 9 7
1 5 5
2 3 7
t 156 53
m 4 8
0 9 8
1 6 5
2 2 7
t 155 55
m 4 9
0 9 9
1 5 5
2 1 7
t 154 57
m 5 9
0 9 8
1 5 4
2 1 8
t 153 59
m 5 8
0 9 9
1 4 4
2 0 8
t 152 61
m 6 8
0 8 9
1 4 5
2 1 8
t 151 63
m 6 7
0 8 8
1 4 4
2 0 8
t 150 65
m 7 7
0 7 8
1 4 3
2 1 8
t 149 67
m 7 6
0 7 7
1 5 3
2 1 7
t 148 69
m 7 5
0 6 7
1 5 2
2 2 7
t 147 71
m 7 4
0 6 6
1 4 2
2 2 6
t 146 71
m 7 3
0 6 7
1 4 3
2 1 6
t 145 73
m 7 2
0 6 6
1 3 3
2 2 6
t 144 75
m 7 1
0 5 6
1 3 4
2 3 6
t 143 77
m 8 1
0 4 6
1 3 5
2 4 6
t 142 79
m 8 2
0 3 6
1 3 4
2 5 6
t 141 81
m 8 1
0 4 6
1 4 4
2 4 6
t 140 81
m 9 1
0 4 7
1 5 4
2 3 6
t 139 83
m 9 2
0 3 7
1 4 4
2 2 6
t 138 83
m 9 3
0 4 7
1 4 3
2 2 7
t 137 83
m 9 4
0 4 8
1 4 2
2 3 7
t 136 85
m 9 5
0 4 9
1 3 2
2 3 6
t 135 87
m 9 4
0 4 8
1 2 2
2 3 5
t 134 87
m 8 4
0 5 8
1 3 2
2 4 5
t 133 89
m 9 4
0 6 8
1 2 2
2 4 4
t 132 89
m 9 5
0 7 8
1 3 2
2 4 5
t 131 89
m 9 6
0 7 7
1 4 2
2 5 5
t 130 89
m 9 7
0 8 7
1 4 3
2 4 5
t 129 89
m 9 8
0 8 8
1 5 3
2 3 5
t 128 91
m 9 9
0 9 8
1 6 3
2 2 5
t 127 93
m 8 9
0 8 8
1 6 2
2 2 4
t 126 95
m 7 9
0 8 7
1 6 1
2 1 4
t 125 95
m 6 9
0 8 6
1 6 0
2 2 4
t 124 95
m 5 9
0 8 7
1 5 0
2 2 5
t 123 95
m 5 8
0 9 7
1 6 0
2 2 4
t 122 95
m 5 7
0 9 8
1 5 0
2 2 5
t 121 95
m 5 6
0 9 9
1 5 1
2 3 5
t 120 97
m 5 5
0 9 8
1 5 2
2 3 6
t 119 159
