10
15
m 0 0
0 9 14
1 9 14
2 9 14
p 1 0
p 4 0
p 5 0
p 9 0
p 9 1
p 2 2
p 5 2
p 6 2
p 8 2
p 9 2
p 0 3
p 1 3
p 3 3
p 7 3
p 8 3
p 2 4
p 8 4
p 4 5
p 8 5
p 3 6
p 6 6
p 7 6
p 8 6
p 9 6
p 3 7
p 6 7
p 7 7
p 9 7
p 1 8
p 3 8
p 4 8
p 7 8
p 9 8
p 2 9
p 4 9
p 5 9
p 8 9
p 9 9
p 4 10
p 5 10
p 8 10
p 5 11
p 7 11
p 3 12
p 4 12
p 5 12
p 6 12
p 8 12
p 2 13
p 3 13
p 4 13
p 5 13
p 6 13
p 8 13
p 2 14
p 3 14
p 7 14
t 300 0
m 1 0
0 9 13
1 9 13
2 8 14
t 299 1
m 1 1
0 9 14
1 9 14
2 8 13
t 298 1
m 1 2
0 9 13
1 8 14
2 8 12
t 297 1
m 1 3
0 9 14
1 9 14
2 8 13
t 296 3
m 0 3
0 9 13
1 8 14
2 8 14
t 295 5
m 1 3
0 8 13
1 7 14
2 8 13
t 294 5
m 1 4
0 9 13
1 6 14
2 8 14
t 293 5
m 2 4
0 8 13
1 6 13
2 8 13
t 292 7
m 2 3
0 9 13
1 6 14
2 9 13
t 291 7
m 3 3
0 9 12
1 5 14
2 9 12
t 290 8
m 3 2
0 9 13
1 5 13
2 9 11
t 289 8
m 2 2
0 8 13
1 6 13
2 8 11
t 288 10
m 3 2
0 8 14
1 6 12
2 8 12
t 287 10
m 4 2
0 8 13
1 7 12
2 8 13
t 286 10
m 5 2
0 8 14
1 7 13
2 8 14
t 285 12
m 6 2
0 8 13
1 8 13
2 8 13
t 284 14
m 6 3
0 8 14
1 7 13
2 8 14
t 283 14
m 7 3
0 9 14
1 7 14
2 9 14
t 282 15
m 8 3
0 9 13
1 6 14
2 8 14
t 281 17
m 8 2
0 9 12
1 6 13
2 8 13
t 280 19
m 9 2
0 9 13
1 6 14
2 9 13
t 279 21
m 9 1
0 9 14
1 7 14
2 9 14
t 278 22
m 9 0
0 9 13
1 6 14
2 8 14
t 277 24
m 8 0
0 9 12
1 7 14
2 9 14
t 276 24
m 7 0
0 9 13
1 6 14
2 9 13
t 275 24
m 6 0
0 8 13
1 5 14
2 9 12
t 274 24
m 5 0
0 8 12
1 6 14
2 8 12
t 273 26
m 4 0
0 8 13
1 6 13
2 9 12
t 272 28
m 4 1
0 9 13
1 6 14
2 9 13
t 271 28
m 4 2
0 9 12
1 5 14
2 8 13
t 270 28
m 4 3
0 9 13
1 4 14
2 9 13
t 269 28
m 4 4
0 9 14
1 5 14
2 9 12
t 268 28
m 4 5
0 9 13
1 5 13
2 8 12
t 267 29
m 4 6
0 9 14
1 4 13
2 9 12
t 266 29
m 3 6
0 9 13
1 3 13
2 8 12
t 265 31
m 3 7
0 9 14
1 3 12
2 9 12
t 264 33
m 3 8
0 8 14
1 2 12
2 9 11
t 263 35
m 4 8
0 8 13
1 2 13
2 9 10
t 262 36
m 4 9
0 9 13
1 2 14
2 8 10
t 261 38
m 5 9
0 9 12
1 1 14
2 7 10
t 260 40
m 5 10
0 9 11
1 1 13
2 8 10
t 259 42
m 5 11
0 9 12
1 2 13
2 9 10
t 258 43
m 5 12
0 9 11
1 2 12
2 9 9
t 257 45
m 5 13
0 9 12
1 2 11
2 8 9
t 256 47
m 4 13
0 9 13
1 2 12
2 8 8
t 255 49
m 3 13
0 9 12
1 2 11
2 8 7
t 254 50
m 3 14
0 9 13
1 2 12
2 8 6
t 253 52
m 2 14
0 9 14
1 3 12
2 7 6
t 252 54
m 2 13
0 9 13
1 2 12
2 8 6
t 251 56
m 3 13
0 8 13
1 2 11
2 8 7
t 250 56
m 3 12
0 8 14
1 3 11
2 8 6
t 249 57
m 4 12
0 9 14
1 4 11
2 7 6
t 248 59
m 5 12
0 9 13
1 3 11
2 8 6
t 247 59
m 6 12
0 9 12
1 4 11
2 8 5
t 246 61
m 6 13
0 9 13
1 4 12
2 7 5
t 245 63
m 6 14
0 9 14
1 4 11
2 8 5
t 244 63
m 7 14
0 9 13
1 4 12
2 8 4
t 243 64
m 8 14
0 8 13
1 5 12
2 8 5
t 242 64
m 7 14
0 9 13
1 5 11
2 9 5
t 241 64
m 8 14
0 8 13
1 6 11
2 9 6
t 240 64
m 9 14
0 8 14
1 7 11
2 9 5
t 239 64
m 9 13
0 7 14
1 7 12
2 9 4
t 238 64
m 8 13
0 7 13
1 6 12
2 9 5
t 237 66
m 8 12
0 6 13
1 6 11
2 8 5
t 236 68
m 8 11
0 6 14
1 7 11
2 9 5
t 235 68
m 8 10
0 7 14
1 6 11
2 8 5
t 234 70
m 8 9
0 6 14
1 7 11
2 8 6
t 233 71
m 9 9
0 5 14
1 6 11
2 7 6
t 232 73
m 9 8
0 6 14
1 7 11
2 6 6
t 231 75
m 9 7
0 6 13
1 8 11
2 6 5
t 230 77
m 9 6
0 7 13
1 9 11
2 6 6
t 229 78
m 8 6
0 8 13
1 8 11
2 6 7
t 228 80
m 8 5
0 7 13
1 8 10
2 6 8
t 227 82
m 8 4
0 7 12
1 8 11
2 5 8
t 226 84
m 8 5
0 8 12
1 8 10
2 5 9
t 225 84
m 7 5
0 7 12
1 8 11
2 6 9
t 224 84
m 7 6
0 7 13
1 9 11
2 7 9
t 223 85
m 6 6
0 7 12
1 9 12
2 7 8
t 222 87
m 6 7
0 7 11
1 8 12
2 7 7
t 221 89
m 6 8
0 6 11
1 8 13
2 7 8
t 220 89
m 6 7
0 6 10
1 7 13
2 8 8
t 219 89
m 7 7
0 6 11
1 6 13
2 8 9
t 218 91
m 7 8
0 6 12
1 5 13
2 8 8
t 217 92
m 7 9
0 6 11
1 4 13
2 7 8
t 216 92
m 7 10
0 6 12
1 5 13
2 8 8
t 215 92
m 7 11
0 7 12
1 5 14
2 9 8
t 214 94
m 7 10
0 7 13
1 6 14
2 9 9
t 213 94
m 6 10
0 8 13
1 7 14
2 9 8
t 212 94
m 5 10
0 8 14
1 6 14
2 9 9
t 211 94
m 4 10
0 9 14
1 5 14
2 9 8
t 210 96
m 3 10
0 8 14
1 4 14
2 9 7
t 209 96
m 2 10
0 8 13
1 4 13
2 9 8
t 208 96
m 2 9
0 7 13
1 3 13
2 8 8
t 207 98
m 1 9
0 7 14
1 4 13
2 9 8
t 206 98
m 1 8
0 7 13
1 5 13
2 9 7
t 205 168
