10
15
m 0 0
0 9 14
1 9 14
2 9 14
p 1 0
p 4 0
p 5 0
p 7 0
p 1 1
p 2 1
p 4 1
p 6 1
p 8 1
p 9 1
p 5 2
p 6 2
p 7 2
p 8 2
p 9 2
p 4 3
p 7 3
p 8 3
p 1 4
p 2 4
p 3 4
p 4 4
p 6 4
p 8 4
p 2 5
p 4 5
p 5 5
p 6 5
p 1 6
p 2 6
p 3 6
p 5 6
p 6 6
p 8 6
p 4 7
p 6 7
p 8 7
p 1 8
p 5 8
p 6 8
p 1 9
p 4 9
p 1 10
p 2 10
p 4 10
p 6 10
p 2 11
p 4 11
p 5 11
p 6 11
p 9 11
p 0 12
p 1 12
p 2 12
p 3 13
p 4 13
p 6 13
p 9 13
p 0 14
p 1 14
p 2 14
p 4 14
p 5 14
p 6 14
p 8 14
t 300 0
m 1 0
0 9 13
1 8 14
2 8 14
t 299 1
m 1 1
0 8 13
1 9 14
2 7 14
t 298 3
m 2 1
0 7 13
1 8 14
2 8 14
t 297 4
m 3 1
0 8 13
1 7 14
2 7 14
t 296 4
m 4 1
0 8 14
1 6 14
2 8 14
t 295 6
m 4 0
0 9 14
1 7 14
2 8 13
t 294 7
m 5 0
0 9 13
1 7 13
2 8 12
t 293 9
m 5 1
0 8 13
1 8 13
2 7 12
t 292 9
m 5 2
0 8 14
1 7 13
2 6 12
t 291 10
m 6 2
0 9 14
1 7 14
2 6 13
t 290 12
m 6 1
0 9 13
1 7 13
2 7 13
t 289 13
m 6 0
0 9 12
1 7 14
2 7 14
t 288 13
m 7 0
0 8 12
1 7 13
2 7 13
t 287 15
m 7 1
0 8 13
1 7 12
2 7 14
t 286 15
m 7 2
0 8 14
1 6 12
2 6 14
t 285 16
m 7 3
0 8 13
1 6 11
2 5 14
t 284 18
m 8 3
0 8 12
1 6 10
2 6 14
t 283 20
m 8 2
0 8 11
1 5 10
2 7 14
t 282 21
m 8 1
0 9 11
1 5 11
2 7 13
t 281 23
m 9 1
0 9 10
1 5 12
2 7 12
t 280 24
m 9 2
0 9 9
1 5 11
2 7 13
t 279 26
m 8 2
0 8 9
1 4 11
2 7 14
t 278 26
m 8 3
0 9 9
1 5 11
2 7 13
t 277 26
m 8 4
0 8 9
1 4 11
2 8 13
t 276 27
m 7 4
0 7 9
1 3 11
2 8 14
t 275 27
m 6 4
0 6 9
1 2 11
2 8 13
t 274 29
m 6 5
0 5 9
1 1 11
2 8 14
t 273 30
m 6 6
0 6 9
1 0 11
2 8 13
t 272 32
m 6 7
0 7 9
1 0 12
2 8 12
t 271 33
m 6 8
0 7 10
1 0 11
2 7 12
t 270 35
m 5 8
0 6 10
1 1 11
2 6 12
t 269 36
m 5 7
0 6 9
1 1 10
2 5 12
t 268 36
m 5 6
0 6 10
1 2 10
2 5 13
t 267 38
m 5 5
0 7 10
1 1 10
2 6 13
t 266 40
m 4 5
0 7 11
1 1 11
2 5 13
t 265 41
m 4 4
0 7 10
1 1 12
2 4 13
t 264 43
m 4 3
0 8 10
1 0 12
2 4 12
t 263 44
m 3 3
0 8 11
1 1 12
2 3 12
t 262 44
m 3 4
0 8 12
1 1 13
2 3 13
t 261 46
m 2 4
0 9 12
1 2 13
2 3 12
t 260 47
m 2 5
0 9 13
1 1 13
2 4 12
t 259 49
m 2 6
0 9 14
1 0 13
2 3 12
t 258 50
m 1 6
0 8 14
1 0 14
2 3 11
t 257 52
m 1 5
0 9 14
1 1 14
2 3 10
t 256 52
m 1 4
0 8 14
1 0 14
2 3 11
t 255 53
m 1 5
0 9 14
1 1 14
2 3 12
t 254 53
m 1 6
0 9 13
1 0 14
2 3 11
t 253 53
m 1 7
0 9 14
1 0 13
2 4 11
t 252 53
m 1 8
0 9 13
1 0 14
2 5 11
t 251 55
m 1 9
0 9 14
1 0 13
2 5 12
t 250 56
m 1 10
0 8 14
1 0 14
2 4 12
t 249 58
m 2 10
0 8 13
1 0 13
2 3 12
t 248 60
m 2 11
0 8 14
1 1 13
2 3 11
t 247 61
m 2 12
0 7 14
1 1 12
2 3 10
t 246 63
m 2 13
0 6 14
1 1 11
2 4 10
t 245 63
m 2 14
0 7 14
1 1 10
2 4 9
t 244 64
m 1 14
0 7 13
1 0 10
2 4 10
t 243 66
m 0 14
0 6 13
1 0 9
2 4 9
t 242 67
m 0 13
0 6 14
1 1 9
2 3 9
t 241 67
m 0 12
0 5 14
1 1 8
2 3 8
t 240 69
m 1 12
0 5 13
1 2 8
2 2 8
t 239 70
m 1 13
0 5 12
1 3 8
2 3 8
t 238 70
m 2 13
0 6 12
1 2 8
2 3 9
t 237 70
m 3 13
0 5 12
1 1 8
2 2 9
t 236 72
m 4 13
0 6 12
1 1 7
2 3 9
t 235 73
m 4 14
0 6 13
1 2 7
2 3 8
t 234 75
m 5 14
0 6 14
1 2 6
2 2 8
t 233 76
m 5 13
0 5 14
1 3 6
2 1 8
t 232 76
m 6 13
0 5 13
1 3 5
2 1 9
t 231 78
m 6 14
0 5 14
1 3 4
2 0 9
t 230 80
m 7 14
0 5 13
1 3 3
2 0 10
t 229 80
m 8 14
0 4 13
1 4 3
2 1 10
t 228 81
m 9 14
0 4 14
1 3 3
2 0 10
t 227 81
m 9 13
0 4 13
1 3 4
2 0 9
t 226 83
m 9 12
0 4 12
1 2 4
2 0 8
t 225 83
m 9 11
0 4 11
1 1 4
2 0 7
t 224 84
m 8 11
0 5 11
1 2 4
2 0 8
t 223 84
m 7 11
0 4 11
1 2 5
2 0 7
t 222 84
m 6 11
0 5 11
1 3 5
2 0 6
t 221 86
m 6 10
0 6 11
1 2 5
2 0 7
t 220 87
m 5 10
0 6 12
1 2 6
2 0 8
t 219 87
m 5 11
0 7 12
1 3 6
2 1 8
t 218 89
m 4 11
0 7 11
1 3 5
2 1 9
t 217 90
m 4 10
0 7 10
1 4 5
2 1 10
t 216 92
m 4 9
0 7 9
1 4 4
2 1 11
t 215 93
m 4 8
0 7 8
1 4 5
2 2 11
t 214 93
m 4 7
0 8 8
1 4 4
2 1 11
t 213 95
m 3 7
0 7 8
1 4 3
2 1 12
t 212 95
m 3 6
0 7 7
1 3 3
2 0 12
t 211 96
m 4 6
0 7 8
1 3 4
2 0 11
t 210 96
m 5 6
0 6 8
1 2 4
2 0 10
t 209 96
m 6 6
0 7 8
1 1 4
2 1 10
t 208 96
m 7 6
0 6 8
1 1 3
2 2 10
t 207 96
m 8 6
0 6 7
1 1 4
2 3 10
t 206 98
m 8 7
0 5 7
1 1 3
2 3 9
t 205 168
