10
15
m 0 0
0 9 14
1 9 14
2 9 14
p 1 0
p 4 0
p 5 0
p 8 0
p 1 1
p 5 1
p 6 1
p 7 1
p 8 1
p 9 1
p 9 2
p 0 3
p 2 3
p 3 3
p 4 3
p 5 3
p 8 3
p 4 4
p 8 4
p 9 4
p 0 5
p 2 5
p 6 5
p 0 6
p 1 6
p 5 6
p 6 6
p 0 7
p 5 7
p 6 7
p 7 7
p 0 8
p 1 8
p 3 8
p 5 8
p 7 8
p 8 8
p 9 8
p 3 9
p 5 9
p 7 9
p 8 9
p 9 9
p 1 10
p 2 10
p 4 10
p 5 10
p 8 10
p 1 11
p 4 11
p 6 11
p 8 11
p 0 12
p 1 12
p 3 12
p 4 12
p 5 12
p 6 12
p 1 13
p 4 13
p 5 13
p 2 14
p 4 14
p 5 14
p 6 14
p 8 14
t 300 0
m 1 0
0 8 14
1 8 14
2 9 13
t 299 1
m 1 1
0 8 13
1 7 14
2 9 14
t 298 3
m 0 1
0 9 13
1 8 14
2 8 14
t 297 3
m 0 2
0 9 14
1 8 13
2 9 14
t 296 3
m 0 3
0 8 14
1 8 14
2 8 14
t 295 4
m 0 4
0 7 14
1 9 14
2 9 14
t 294 4
m 0 5
0 8 14
1 8 14
2 9 13
t 293 6
m 0 6
0 8 13
1 9 14
2 9 12
t 292 7
m 0 7
0 9 13
1 8 14
2 8 12
t 291 9
m 0 8
0 8 13
1 7 14
2 8 11
t 290 10
m 1 8
0 8 14
1 8 14
2 8 10
t 289 12
m 1 7
0 9 14
1 9 14
2 8 11
t 288 12
m 1 6
0 9 13
1 8 14
2 7 11
t 287 13
m 1 5
0 8 13
1 9 14
2 7 10
t 286 13
m 2 5
0 9 13
1 9 13
2 6 10
t 285 15
m 2 4
0 8 13
1 8 13
2 7 10
t 284 15
m 2 3
0 7 13
1 7 13
2 7 9
t 283 16
m 3 3
0 8 13
1 7 14
2 8 9
t 282 18
m 4 3
0 7 13
1 8 14
2 9 9
t 281 19
m 4 4
0 7 12
1 8 13
2 9 8
t 280 21
m 4 3
0 6 12
1 8 14
2 9 9
t 279 21
m 5 3
0 7 12
1 8 13
2 9 10
t 278 22
m 5 2
0 8 12
1 8 14
2 9 9
t 277 22
m 5 1
0 7 12
1 8 13
2 9 10
t 276 24
m 5 0
0 6 12
1 8 14
2 8 10
t 275 25
m 4 0
0 6 13
1 7 14
2 7 10
t 274 27
m 4 1
0 5 13
1 8 14
2 7 11
t 273 27
m 5 1
0 5 12
1 9 14
2 6 11
t 272 27
m 6 1
0 5 11
1 8 14
2 5 11
t 271 28
m 7 1
0 4 11
1 7 14
2 4 11
t 270 30
m 8 1
0 3 11
1 8 14
2 4 10
t 269 31
m 8 0
0 4 11
1 8 13
2 4 9
t 268 33
m 9 0
0 4 12
1 7 13
2 4 10
t 267 33
m 9 1
0 5 12
1 7 14
2 5 10
t 266 34
m 9 2
0 6 12
1 8 14
2 4 10
t 265 36
m 9 3
0 6 11
1 9 14
2 4 9
t 264 36
m 9 4
0 6 10
1 9 13
2 4 10
t 263 37
m 8 4
0 6 11
1 8 13
2 4 11
t 262 39
m 8 3
0 6 10
1 8 12
2 4 10
t 261 40
m 8 4
0 6 11
1 8 11
2 4 11
t 260 40
m 7 4
0 6 10
1 8 12
2 5 11
t 259 40
m 7 5
0 6 11
1 7 12
2 4 11
t 258 40
m 6 5
0 6 10
1 7 13
2 3 11
t 257 42
m 6 6
0 5 10
1 7 14
2 2 11
t 256 43
m 6 7
0 5 9
1 7 13
2 1 11
t 255 45
m 5 7
0 5 8
1 7 12
2 2 11
t 254 46
m 5 6
0 5 7
1 7 13
2 1 11
t 253 48
m 6 6
0 5 8
1 7 14
2 1 12
t 252 48
m 7 6
0 5 7
1 8 14
2 2 12
t 251 48
m 7 7
0 6 7
1 8 13
2 2 13
t 250 50
m 7 8
0 7 7
1 9 13
2 2 12
t 249 51
m 7 9
0 7 6
1 9 14
2 2 11
t 248 53
m 8 9
0 7 7
1 9 13
2 3 11
t 247 54
m 8 8
0 8 7
1 8 13
2 2 11
t 246 56
m 9 8
0 8 8
1 9 13
2 2 10
t 245 57
m 9 9
0 9 8
1 9 12
2 3 10
t 244 59
m 9 10
0 9 7
1 9 13
2 3 9
t 243 59
m 8 10
0 9 6
1 8 13
2 4 9
t 242 60
m 8 11
0 9 5
1 7 13
2 5 9
t 241 62
m 7 11
0 9 4
1 7 14
2 6 9
t 240 62
m 6 11
0 8 4
1 6 14
2 6 10
t 239 63
m 6 12
0 9 4
1 7 14
2 7 10
t 238 65
m 5 12
0 8 4
1 6 14
2 6 10
t 237 66
m 5 13
0 7 4
1 5 14
2 7 10
t 236 68
m 4 13
0 7 3
1 4 14
2 6 10
t 235 69
m 4 12
0 6 3
1 4 13
2 6 11
t 234 71
m 4 11
0 6 2
1 4 14
2 6 12
t 233 72
m 4 10
0 6 3
1 3 14
2 7 12
t 232 74
m 5 10
0 6 2
1 3 13
2 7 11
t 231 75
m 5 9
0 5 2
1 3 12
2 8 11
t 230 77
m 5 8
0 5 3
1 3 13
2 8 10
t 229 78
m 4 8
0 5 4
1 4 13
2 7 10
t 228 78
m 3 8
0 5 5
1 3 13
2 7 9
t 227 80
m 3 9
0 5 4
1 3 14
2 7 8
t 226 81
m 2 9
0 6 4
1 3 13
2 7 9
t 225 81
m 2 10
0 7 4
1 3 14
2 7 8
t 224 83
m 1 10
0 7 3
1 2 14
2 6 8
t 223 84
m 1 11
0 7 2
1 2 13
2 6 9
t 222 86
m 1 12
0 7 1
1 2 14
2 6 10
t 221 87
m 1 13
0 8 1
1 1 14
2 6 9
t 220 89
m 1 12
0 8 0
1 1 13
2 6 10
t 219 89
m 0 12
0 8 1
1 0 13
2 6 11
t 218 90
m 1 12
0 8 0
1 0 12
2 6 10
t 217 90
m 2 12
0 9 0
1 0 13
2 6 11
t 216 90
m 3 12
0 8 0
1 0 12
2 6 12
t 215 92
m 3 13
0 9 0
1 0 11
2 5 12
t 214 92
m 3 14
0 9 1
1 1 11
2 4 12
t 213 92
m 2 14
0 8 1
1 1 12
2 5 12
t 212 93
m 3 14
0 8 0
1 2 12
2 5 13
t 211 93
m 4 14
0 7 0
1 1 12
2 4 13
t 210 95
m 5 14
0 6 0
1 1 11
2 5 13
t 209 96
m 6 14
0 5 0
1 1 12
2 5 12
t 208 98
m 7 14
0 5 1
1 1 11
2 5 11
t 207 98
m 8 14
0 6 1
1 1 10
2 5 12
t 206 168
